# Logfile created on 2014-07-02 13:25:45 +0530 by logger.rb/44203
I, [2014-07-02T13:25:45.774974 #3840]  INFO -- : 0:  rake (10.3.2) from /home/viksit/.rvm/gems/ruby-2.1.0@pajamadeals/specifications/rake-10.3.2.gemspec
I, [2014-07-02T13:25:45.776373 #3840]  INFO -- : 0:  i18n (0.6.9) from /home/viksit/.rvm/gems/ruby-2.1.0@global/specifications/i18n-0.6.9.gemspec
I, [2014-07-02T13:25:48.060590 #3840]  INFO -- : 0:  json (1.8.1) from /home/viksit/.rvm/gems/ruby-2.1.0@pajamadeals/specifications/json-1.8.1.gemspec
I, [2014-07-02T13:25:53.679716 #3840]  INFO -- : 0:  minitest (5.3.5) from /home/viksit/.rvm/gems/ruby-2.1.0@pajamadeals/specifications/minitest-5.3.5.gemspec
I, [2014-07-02T13:25:53.680357 #3840]  INFO -- : 0:  thread_safe (0.3.4) from /home/viksit/.rvm/gems/ruby-2.1.0@pajamadeals/specifications/thread_safe-0.3.4.gemspec
I, [2014-07-02T13:25:53.680818 #3840]  INFO -- : 0:  tzinfo (1.2.1) from /home/viksit/.rvm/gems/ruby-2.1.0@pajamadeals/specifications/tzinfo-1.2.1.gemspec
I, [2014-07-02T13:26:04.437438 #3840]  INFO -- : 0:  activesupport (4.1.2) from /home/viksit/.rvm/gems/ruby-2.1.0@pajamadeals/specifications/activesupport-4.1.2.gemspec
I, [2014-07-02T13:26:04.438208 #3840]  INFO -- : 0:  builder (3.2.2) from /home/viksit/.rvm/gems/ruby-2.1.0@pajamadeals/specifications/builder-3.2.2.gemspec
I, [2014-07-02T13:26:04.438880 #3840]  INFO -- : 0:  erubis (2.7.0) from /home/viksit/.rvm/gems/ruby-2.1.0@pajamadeals/specifications/erubis-2.7.0.gemspec
I, [2014-07-02T13:26:11.218212 #3840]  INFO -- : 0:  actionview (4.1.2) from /home/viksit/.rvm/gems/ruby-2.1.0@pajamadeals/specifications/actionview-4.1.2.gemspec
I, [2014-07-02T13:26:11.218943 #3840]  INFO -- : 0:  rack (1.5.2) from /home/viksit/.rvm/gems/ruby-2.1.0@pajamadeals/specifications/rack-1.5.2.gemspec
I, [2014-07-02T13:26:11.219520 #3840]  INFO -- : 0:  rack-test (0.6.2) from /home/viksit/.rvm/gems/ruby-2.1.0@pajamadeals/specifications/rack-test-0.6.2.gemspec
I, [2014-07-02T13:26:18.499812 #3840]  INFO -- : 0:  actionpack (4.1.2) from /home/viksit/.rvm/gems/ruby-2.1.0@pajamadeals/specifications/actionpack-4.1.2.gemspec
I, [2014-07-02T13:26:18.500419 #3840]  INFO -- : 0:  mime-types (1.25.1) from /home/viksit/.rvm/gems/ruby-2.1.0@pajamadeals/specifications/mime-types-1.25.1.gemspec
I, [2014-07-02T13:26:18.500877 #3840]  INFO -- : 0:  polyglot (0.3.5) from /home/viksit/.rvm/gems/ruby-2.1.0@pajamadeals/specifications/polyglot-0.3.5.gemspec
I, [2014-07-02T13:26:18.501321 #3840]  INFO -- : 0:  treetop (1.4.15) from /home/viksit/.rvm/gems/ruby-2.1.0@pajamadeals/specifications/treetop-1.4.15.gemspec
I, [2014-07-02T13:26:18.501765 #3840]  INFO -- : 0:  mail (2.5.4) from /home/viksit/.rvm/gems/ruby-2.1.0@pajamadeals/specifications/mail-2.5.4.gemspec
I, [2014-07-02T13:26:21.543632 #3840]  INFO -- : 0:  actionmailer (4.1.2) from /home/viksit/.rvm/gems/ruby-2.1.0@pajamadeals/specifications/actionmailer-4.1.2.gemspec
I, [2014-07-02T13:26:31.259990 #3840]  INFO -- : 0:  arbre (1.0.1) from /home/viksit/.rvm/gems/ruby-2.1.0@pajamadeals/specifications/arbre-1.0.1.gemspec
I, [2014-07-02T13:26:31.260597 #3840]  INFO -- : 0:  sass (3.2.19) from /home/viksit/.rvm/gems/ruby-2.1.0@pajamadeals/specifications/sass-3.2.19.gemspec
I, [2014-07-02T13:26:31.261054 #3840]  INFO -- : 0:  thor (0.19.1) from /home/viksit/.rvm/gems/ruby-2.1.0@pajamadeals/specifications/thor-0.19.1.gemspec
I, [2014-07-02T13:26:34.445781 #3840]  INFO -- : 0:  bourbon (3.2.3) from /home/viksit/.rvm/gems/ruby-2.1.0@pajamadeals/specifications/bourbon-3.2.3.gemspec
I, [2014-07-02T13:26:34.446428 #3840]  INFO -- : 0:  coffee-script-source (1.7.0) from /home/viksit/.rvm/gems/ruby-2.1.0@pajamadeals/specifications/coffee-script-source-1.7.0.gemspec
I, [2014-07-02T13:26:34.446883 #3840]  INFO -- : 0:  execjs (2.2.0) from /home/viksit/.rvm/gems/ruby-2.1.0@pajamadeals/specifications/execjs-2.2.0.gemspec
I, [2014-07-02T13:26:34.447329 #3840]  INFO -- : 0:  coffee-script (2.2.0) from /home/viksit/.rvm/gems/ruby-2.1.0@pajamadeals/specifications/coffee-script-2.2.0.gemspec
I, [2014-07-02T13:26:41.650158 #3840]  INFO -- : 0:  railties (4.1.2) from /home/viksit/.rvm/gems/ruby-2.1.0@pajamadeals/specifications/railties-4.1.2.gemspec
I, [2014-07-02T13:26:41.650791 #3840]  INFO -- : 0:  coffee-rails (4.0.1) from /home/viksit/.rvm/gems/ruby-2.1.0@pajamadeals/specifications/coffee-rails-4.0.1.gemspec
I, [2014-07-02T13:26:54.144836 #3840]  INFO -- : 0:  formtastic (2.3.0.rc3) from /home/viksit/.rvm/gems/ruby-2.1.0@pajamadeals/specifications/formtastic-2.3.0.rc3.gemspec
I, [2014-07-02T13:26:57.947833 #3840]  INFO -- : 0:  has_scope (0.6.0.rc) from /home/viksit/.rvm/gems/ruby-2.1.0@pajamadeals/specifications/has_scope-0.6.0.rc.gemspec
I, [2014-07-02T13:27:00.292714 #3840]  INFO -- : 0:  responders (1.0.0) from /home/viksit/.rvm/gems/ruby-2.1.0@pajamadeals/specifications/responders-1.0.0.gemspec
I, [2014-07-02T13:27:03.083893 #3840]  INFO -- : 0:  inherited_resources (1.4.1) from /home/viksit/.rvm/gems/ruby-2.1.0@pajamadeals/specifications/inherited_resources-1.4.1.gemspec
I, [2014-07-02T13:27:13.206532 #3840]  INFO -- : 0:  jquery-rails (3.1.1) from /home/viksit/.rvm/gems/ruby-2.1.0@pajamadeals/specifications/jquery-rails-3.1.1.gemspec
I, [2014-07-02T13:27:18.286091 #3840]  INFO -- : 0:  jquery-ui-rails (4.2.1) from /home/viksit/.rvm/gems/ruby-2.1.0@pajamadeals/specifications/jquery-ui-rails-4.2.1.gemspec
I, [2014-07-02T13:27:29.732093 #3840]  INFO -- : 0:  kaminari (0.16.1) from /home/viksit/.rvm/gems/ruby-2.1.0@pajamadeals/specifications/kaminari-0.16.1.gemspec
I, [2014-07-02T13:27:33.401994 #3840]  INFO -- : 0:  activemodel (4.1.2) from /home/viksit/.rvm/gems/ruby-2.1.0@pajamadeals/specifications/activemodel-4.1.2.gemspec
I, [2014-07-02T13:27:33.402652 #3840]  INFO -- : 0:  arel (5.0.1.20140414130214) from /home/viksit/.rvm/gems/ruby-2.1.0@pajamadeals/specifications/arel-5.0.1.20140414130214.gemspec
I, [2014-07-02T13:27:43.999982 #3840]  INFO -- : 0:  activerecord (4.1.2) from /home/viksit/.rvm/gems/ruby-2.1.0@pajamadeals/specifications/activerecord-4.1.2.gemspec
I, [2014-07-02T13:27:44.000603 #3840]  INFO -- : 0:  bundler (1.5.0) from /home/viksit/.rvm/gems/ruby-2.1.0@global/specifications/bundler-1.5.0.gemspec
I, [2014-07-02T13:27:44.001063 #3840]  INFO -- : 0:  hike (1.2.3) from /home/viksit/.rvm/gems/ruby-2.1.0@pajamadeals/specifications/hike-1.2.3.gemspec
I, [2014-07-02T13:27:44.001510 #3840]  INFO -- : 0:  multi_json (1.10.1) from /home/viksit/.rvm/gems/ruby-2.1.0@pajamadeals/specifications/multi_json-1.10.1.gemspec
I, [2014-07-02T13:27:44.002002 #3840]  INFO -- : 0:  tilt (1.4.1) from /home/viksit/.rvm/gems/ruby-2.1.0@pajamadeals/specifications/tilt-1.4.1.gemspec
I, [2014-07-02T13:27:44.002463 #3840]  INFO -- : 0:  sprockets (2.11.0) from /home/viksit/.rvm/gems/ruby-2.1.0@pajamadeals/specifications/sprockets-2.11.0.gemspec
I, [2014-07-02T13:27:44.002923 #3840]  INFO -- : 0:  sprockets-rails (2.1.3) from /home/viksit/.rvm/gems/ruby-2.1.0@pajamadeals/specifications/sprockets-rails-2.1.3.gemspec
I, [2014-07-02T13:28:47.485286 #3840]  INFO -- : 0:  rails (4.1.2) from /home/viksit/.rvm/gems/ruby-2.1.0@pajamadeals/specifications/rails-4.1.2.gemspec
I, [2014-07-02T13:28:53.481489 #3840]  INFO -- : 0:  polyamorous (1.0.0) from /home/viksit/.rvm/gems/ruby-2.1.0@pajamadeals/specifications/polyamorous-1.0.0.gemspec
I, [2014-07-02T13:29:01.833534 #3840]  INFO -- : 0:  ransack (1.2.3) from /home/viksit/.rvm/gems/ruby-2.1.0@pajamadeals/specifications/ransack-1.2.3.gemspec
I, [2014-07-02T13:29:01.834172 #3840]  INFO -- : 0:  sass-rails (4.0.3) from /home/viksit/.rvm/gems/ruby-2.1.0@pajamadeals/specifications/sass-rails-4.0.3.gemspec
I, [2014-07-02T13:29:02.472955 #3840]  INFO -- : 0:  activeadmin (1.0.0.pre) from /home/viksit/.rvm/gems/ruby-2.1.0@pajamadeals/bundler/gems/active_admin-0e0b3694bace/activeadmin.gemspec
I, [2014-07-02T13:29:02.473727 #3840]  INFO -- : 0:  addressable (2.3.6) from /home/viksit/.rvm/gems/ruby-2.1.0@pajamadeals/specifications/addressable-2.3.6.gemspec
I, [2014-07-02T13:29:02.474272 #3840]  INFO -- : 0:  bcrypt (3.1.7) from /home/viksit/.rvm/gems/ruby-2.1.0@pajamadeals/specifications/bcrypt-3.1.7.gemspec
I, [2014-07-02T13:29:02.474767 #3840]  INFO -- : 0:  bson (1.10.2) from /home/viksit/.rvm/gems/ruby-2.1.0@pajamadeals/specifications/bson-1.10.2.gemspec
I, [2014-07-02T13:29:02.475281 #3840]  INFO -- : 0:  bson_ext (1.10.2) from /home/viksit/.rvm/gems/ruby-2.1.0@pajamadeals/specifications/bson_ext-1.10.2.gemspec
I, [2014-07-02T13:29:02.475780 #3840]  INFO -- : 0:  carrierwave (0.10.0) from /home/viksit/.rvm/gems/ruby-2.1.0@pajamadeals/specifications/carrierwave-0.10.0.gemspec
I, [2014-07-02T13:29:02.476285 #3840]  INFO -- : 0:  commonjs (0.2.7) from /home/viksit/.rvm/gems/ruby-2.1.0@pajamadeals/specifications/commonjs-0.2.7.gemspec
I, [2014-07-02T13:29:02.476784 #3840]  INFO -- : 0:  orm_adapter (0.5.0) from /home/viksit/.rvm/gems/ruby-2.1.0@pajamadeals/specifications/orm_adapter-0.5.0.gemspec
I, [2014-07-02T13:29:02.477321 #3840]  INFO -- : 0:  warden (1.2.3) from /home/viksit/.rvm/gems/ruby-2.1.0@pajamadeals/specifications/warden-1.2.3.gemspec
I, [2014-07-02T13:29:02.477842 #3840]  INFO -- : 0:  devise (3.2.4) from /home/viksit/.rvm/gems/ruby-2.1.0@pajamadeals/specifications/devise-3.2.4.gemspec
I, [2014-07-02T13:29:02.478340 #3840]  INFO -- : 0:  factory_girl (4.4.0) from /home/viksit/.rvm/gems/ruby-2.1.0@pajamadeals/specifications/factory_girl-4.4.0.gemspec
I, [2014-07-02T13:29:02.478850 #3840]  INFO -- : 0:  factory_girl_rails (4.4.1) from /home/viksit/.rvm/gems/ruby-2.1.0@pajamadeals/specifications/factory_girl_rails-4.4.1.gemspec
I, [2014-07-02T13:29:02.479348 #3840]  INFO -- : 0:  faker (1.3.0) from /home/viksit/.rvm/gems/ruby-2.1.0@pajamadeals/specifications/faker-1.3.0.gemspec
I, [2014-07-02T13:29:02.479843 #3840]  INFO -- : 0:  multipart-post (2.0.0) from /home/viksit/.rvm/gems/ruby-2.1.0@pajamadeals/specifications/multipart-post-2.0.0.gemspec
I, [2014-07-02T13:29:02.480333 #3840]  INFO -- : 0:  faraday (0.9.0) from /home/viksit/.rvm/gems/ruby-2.1.0@pajamadeals/specifications/faraday-0.9.0.gemspec
I, [2014-07-02T13:29:02.612988 #3840]  INFO -- : 0:  font-awesome-rails (4.1.0.0) from /home/viksit/.rvm/gems/ruby-2.1.0@pajamadeals/bundler/gems/font-awesome-rails-9af81d72c7ba/font-awesome-rails.gemspec
I, [2014-07-02T13:29:02.613568 #3840]  INFO -- : 0:  hashie (2.1.2) from /home/viksit/.rvm/gems/ruby-2.1.0@pajamadeals/specifications/hashie-2.1.2.gemspec
I, [2014-07-02T13:29:15.839207 #3840]  INFO -- : 0:  highline (1.6.21) from /home/viksit/.rvm/gems/ruby-2.1.0@pajamadeals/specifications/highline-1.6.21.gemspec
I, [2014-07-02T13:29:18.259410 #3840]  INFO -- : 0:  jbuilder (2.1.1) from /home/viksit/.rvm/gems/ruby-2.1.0@pajamadeals/specifications/jbuilder-2.1.1.gemspec
I, [2014-07-02T13:29:18.260080 #3840]  INFO -- : 0:  jwt (1.0.0) from /home/viksit/.rvm/gems/ruby-2.1.0@pajamadeals/specifications/jwt-1.0.0.gemspec
I, [2014-07-02T13:29:18.260524 #3840]  INFO -- : 0:  koala (1.9.0) from /home/viksit/.rvm/gems/ruby-2.1.0@pajamadeals/specifications/koala-1.9.0.gemspec
I, [2014-07-02T13:29:18.260957 #3840]  INFO -- : 0:  less (2.5.1) from /home/viksit/.rvm/gems/ruby-2.1.0@pajamadeals/specifications/less-2.5.1.gemspec
I, [2014-07-02T13:29:18.261508 #3840]  INFO -- : 0:  less-rails (2.5.0) from /home/viksit/.rvm/gems/ruby-2.1.0@pajamadeals/specifications/less-rails-2.5.0.gemspec
I, [2014-07-02T13:29:18.262028 #3840]  INFO -- : 0:  libv8 (3.16.14.3) from /home/viksit/.rvm/gems/ruby-2.1.0@pajamadeals/specifications/libv8-3.16.14.3-x86_64-linux.gemspec
I, [2014-07-02T13:29:18.262481 #3840]  INFO -- : 0:  metaclass (0.0.4) from /home/viksit/.rvm/gems/ruby-2.1.0@pajamadeals/specifications/metaclass-0.0.4.gemspec
I, [2014-07-02T13:29:18.262934 #3840]  INFO -- : 0:  subexec (0.2.3) from /home/viksit/.rvm/gems/ruby-2.1.0@pajamadeals/specifications/subexec-0.2.3.gemspec
I, [2014-07-02T13:29:18.263389 #3840]  INFO -- : 0:  mini_magick (3.7.0) from /home/viksit/.rvm/gems/ruby-2.1.0@pajamadeals/specifications/mini_magick-3.7.0.gemspec
I, [2014-07-02T13:29:18.263839 #3840]  INFO -- : 0:  mini_portile (0.6.0) from /home/viksit/.rvm/gems/ruby-2.1.0@pajamadeals/specifications/mini_portile-0.6.0.gemspec
I, [2014-07-02T13:29:18.264286 #3840]  INFO -- : 0:  mocha (1.1.0) from /home/viksit/.rvm/gems/ruby-2.1.0@pajamadeals/specifications/mocha-1.1.0.gemspec
I, [2014-07-02T13:29:18.264754 #3840]  INFO -- : 0:  mongo (1.10.2) from /home/viksit/.rvm/gems/ruby-2.1.0@pajamadeals/specifications/mongo-1.10.2.gemspec
I, [2014-07-02T13:29:18.265203 #3840]  INFO -- : 0:  mustache (0.99.5) from /home/viksit/.rvm/gems/ruby-2.1.0@pajamadeals/specifications/mustache-0.99.5.gemspec
I, [2014-07-02T13:29:18.265652 #3840]  INFO -- : 0:  rack-protection (1.5.3) from /home/viksit/.rvm/gems/ruby-2.1.0@pajamadeals/specifications/rack-protection-1.5.3.gemspec
I, [2014-07-02T13:29:18.266167 #3840]  INFO -- : 0:  sinatra (1.4.5) from /home/viksit/.rvm/gems/ruby-2.1.0@pajamadeals/specifications/sinatra-1.4.5.gemspec
I, [2014-07-02T13:29:18.266807 #3840]  INFO -- : 0:  vegas (0.1.11) from /home/viksit/.rvm/gems/ruby-2.1.0@pajamadeals/specifications/vegas-0.1.11.gemspec
I, [2014-07-02T13:29:18.267310 #3840]  INFO -- : 0:  mongodb_logger (0.6.4) from /home/viksit/.rvm/gems/ruby-2.1.0@pajamadeals/specifications/mongodb_logger-0.6.4.gemspec
I, [2014-07-02T13:29:18.267788 #3840]  INFO -- : 0:  multi_xml (0.5.5) from /home/viksit/.rvm/gems/ruby-2.1.0@pajamadeals/specifications/multi_xml-0.5.5.gemspec
I, [2014-07-02T13:29:18.268266 #3840]  INFO -- : 0:  nokogiri (1.6.2.1) from /home/viksit/.rvm/gems/ruby-2.1.0@pajamadeals/specifications/nokogiri-1.6.2.1.gemspec
I, [2014-07-02T13:29:18.268738 #3840]  INFO -- : 0:  oauth2 (0.9.4) from /home/viksit/.rvm/gems/ruby-2.1.0@pajamadeals/specifications/oauth2-0.9.4.gemspec
I, [2014-07-02T13:29:18.269217 #3840]  INFO -- : 0:  omniauth (1.2.1) from /home/viksit/.rvm/gems/ruby-2.1.0@pajamadeals/specifications/omniauth-1.2.1.gemspec
I, [2014-07-02T13:29:18.269707 #3840]  INFO -- : 0:  omniauth-oauth2 (1.1.2) from /home/viksit/.rvm/gems/ruby-2.1.0@pajamadeals/specifications/omniauth-oauth2-1.1.2.gemspec
I, [2014-07-02T13:29:18.270267 #3840]  INFO -- : 0:  omniauth-facebook (1.6.0) from /home/viksit/.rvm/gems/ruby-2.1.0@pajamadeals/specifications/omniauth-facebook-1.6.0.gemspec
E, [2014-07-02T13:29:51.521774 #3840] ERROR -- : SystemExit: exit
/home/viksit/.rvm/gems/ruby-2.1.0@global/gems/bundler-1.5.0/bin/bundle:4:in `exit'  \n/home/viksit/.rvm/gems/ruby-2.1.0@global/gems/bundler-1.5.0/bin/bundle:4:in `block in <top (required)>'  \n/home/viksit/.rvm/rubies/ruby-2.1.0/lib/ruby/2.1.0/net/http.rb:920:in `call'  \n/home/viksit/.rvm/rubies/ruby-2.1.0/lib/ruby/2.1.0/net/http.rb:920:in `connect'  \n/home/viksit/.rvm/rubies/ruby-2.1.0/lib/ruby/2.1.0/net/http.rb:920:in `block in connect'  \n/home/viksit/.rvm/rubies/ruby-2.1.0/lib/ruby/2.1.0/timeout.rb:67:in `timeout'  \n/home/viksit/.rvm/rubies/ruby-2.1.0/lib/ruby/2.1.0/net/http.rb:920:in `connect'  \n/home/viksit/.rvm/rubies/ruby-2.1.0/lib/ruby/2.1.0/net/http.rb:863:in `do_start'  \n/home/viksit/.rvm/rubies/ruby-2.1.0/lib/ruby/2.1.0/net/http.rb:858:in `start'  \n/home/viksit/.rvm/rubies/ruby-2.1.0/lib/ruby/site_ruby/2.1.0/rubygems/request.rb:97:in `connection_for'  \n/home/viksit/.rvm/rubies/ruby-2.1.0/lib/ruby/site_ruby/2.1.0/rubygems/request.rb:122:in `fetch'  \n/home/viksit/.rvm/rubies/ruby-2.1.0/lib/ruby/site_ruby/2.1.0/rubygems/remote_fetcher.rb:329:in `request'  \n/home/viksit/.rvm/rubies/ruby-2.1.0/lib/ruby/site_ruby/2.1.0/rubygems/remote_fetcher.rb:223:in `fetch_http'  \n/home/viksit/.rvm/rubies/ruby-2.1.0/lib/ruby/site_ruby/2.1.0/rubygems/remote_fetcher.rb:258:in `fetch_path'  \n/home/viksit/.rvm/rubies/ruby-2.1.0/lib/ruby/site_ruby/2.1.0/rubygems/remote_fetcher.rb:291:in `cache_update_path'  \n/home/viksit/.rvm/rubies/ruby-2.1.0/lib/ruby/site_ruby/2.1.0/rubygems/remote_fetcher.rb:157:in `download'  \n/home/viksit/.rvm/gems/ruby-2.1.0@global/gems/bundler-1.5.0/lib/bundler/rubygems_integration.rb:511:in `download_gem'  \n/home/viksit/.rvm/gems/ruby-2.1.0@global/gems/bundler-1.5.0/lib/bundler/fetcher.rb:41:in `download_gem_from_uri'  \n/home/viksit/.rvm/gems/ruby-2.1.0@global/gems/bundler-1.5.0/lib/bundler/source/rubygems.rb:78:in `install'  \n/home/viksit/.rvm/gems/ruby-2.1.0@global/gems/bundler-1.5.0/lib/bundler/installer.rb:111:in `block in install_gem_from_spec'  \n/home/viksit/.rvm/gems/ruby-2.1.0@global/gems/bundler-1.5.0/lib/bundler/rubygems_integration.rb:150:in `with_build_args'  \n/home/viksit/.rvm/gems/ruby-2.1.0@global/gems/bundler-1.5.0/lib/bundler/installer.rb:110:in `install_gem_from_spec'  \n/home/viksit/.rvm/gems/ruby-2.1.0@global/gems/bundler-1.5.0/lib/bundler/installer.rb:295:in `block in install_sequentially'  \n/home/viksit/.rvm/rubies/ruby-2.1.0/lib/ruby/2.1.0/forwardable.rb:183:in `each'  \n/home/viksit/.rvm/rubies/ruby-2.1.0/lib/ruby/2.1.0/forwardable.rb:183:in `each'  \n/home/viksit/.rvm/gems/ruby-2.1.0@global/gems/bundler-1.5.0/lib/bundler/installer.rb:294:in `install_sequentially'  \n/home/viksit/.rvm/gems/ruby-2.1.0@global/gems/bundler-1.5.0/lib/bundler/installer.rb:97:in `run'  \n/home/viksit/.rvm/gems/ruby-2.1.0@global/gems/bundler-1.5.0/lib/bundler/installer.rb:15:in `install'  \n/home/viksit/.rvm/gems/ruby-2.1.0@global/gems/bundler-1.5.0/lib/bundler/cli.rb:257:in `install'  \n/home/viksit/.rvm/gems/ruby-2.1.0@global/gems/bundler-1.5.0/lib/bundler/vendor/thor/command.rb:27:in `run'  \n/home/viksit/.rvm/gems/ruby-2.1.0@global/gems/bundler-1.5.0/lib/bundler/vendor/thor/invocation.rb:120:in `invoke_command'  \n/home/viksit/.rvm/gems/ruby-2.1.0@global/gems/bundler-1.5.0/lib/bundler/vendor/thor.rb:363:in `dispatch'  \n/home/viksit/.rvm/gems/ruby-2.1.0@global/gems/bundler-1.5.0/lib/bundler/vendor/thor/base.rb:438:in `start'  \n/home/viksit/.rvm/gems/ruby-2.1.0@global/gems/bundler-1.5.0/lib/bundler/cli.rb:10:in `start'  \n/home/viksit/.rvm/gems/ruby-2.1.0@global/gems/bundler-1.5.0/bin/bundle:22:in `block in <top (required)>'  \n/home/viksit/.rvm/gems/ruby-2.1.0@global/gems/bundler-1.5.0/lib/bundler/friendly_errors.rb:5:in `with_friendly_errors'  \n/home/viksit/.rvm/gems/ruby-2.1.0@global/gems/bundler-1.5.0/bin/bundle:22:in `<top (required)>'  \n/home/viksit/.rvm/gems/ruby-2.1.0@global/bin/bundle:23:in `load'  \n/home/viksit/.rvm/gems/ruby-2.1.0@global/bin/bundle:23:in `<main>'  \n/home/viksit/.rvm/gems/ruby-2.1.0@pajamadeals/bin/ruby_executable_hooks:15:in `eval'  \n/home/viksit/.rvm/gems/ruby-2.1.0@pajamadeals/bin/ruby_executable_hooks:15:in `<main>'
I, [2014-07-02T13:36:42.012510 #5901]  INFO -- : 0:  rake (10.3.2) from /home/viksit/.rvm/gems/ruby-2.1.0@pajamadeals/specifications/rake-10.3.2.gemspec
I, [2014-07-02T13:36:42.014426 #5901]  INFO -- : 0:  i18n (0.6.9) from /home/viksit/.rvm/gems/ruby-2.1.0@global/specifications/i18n-0.6.9.gemspec
I, [2014-07-02T13:36:44.793045 #5901]  INFO -- : 0:  json (1.8.1) from /home/viksit/.rvm/gems/ruby-2.1.0@pajamadeals/specifications/json-1.8.1.gemspec
I, [2014-07-02T13:36:44.794012 #5901]  INFO -- : 0:  minitest (5.3.5) from /home/viksit/.rvm/gems/ruby-2.1.0@pajamadeals/specifications/minitest-5.3.5.gemspec
I, [2014-07-02T13:36:44.794998 #5901]  INFO -- : 0:  thread_safe (0.3.4) from /home/viksit/.rvm/gems/ruby-2.1.0@pajamadeals/specifications/thread_safe-0.3.4.gemspec
I, [2014-07-02T13:36:44.795648 #5901]  INFO -- : 0:  tzinfo (1.2.1) from /home/viksit/.rvm/gems/ruby-2.1.0@pajamadeals/specifications/tzinfo-1.2.1.gemspec
I, [2014-07-02T13:36:44.796272 #5901]  INFO -- : 0:  activesupport (4.1.2) from /home/viksit/.rvm/gems/ruby-2.1.0@pajamadeals/specifications/activesupport-4.1.2.gemspec
I, [2014-07-02T13:36:44.796886 #5901]  INFO -- : 0:  builder (3.2.2) from /home/viksit/.rvm/gems/ruby-2.1.0@pajamadeals/specifications/builder-3.2.2.gemspec
I, [2014-07-02T13:36:44.797766 #5901]  INFO -- : 0:  erubis (2.7.0) from /home/viksit/.rvm/gems/ruby-2.1.0@pajamadeals/specifications/erubis-2.7.0.gemspec
I, [2014-07-02T13:36:44.798454 #5901]  INFO -- : 0:  actionview (4.1.2) from /home/viksit/.rvm/gems/ruby-2.1.0@pajamadeals/specifications/actionview-4.1.2.gemspec
I, [2014-07-02T13:36:44.799479 #5901]  INFO -- : 0:  rack (1.5.2) from /home/viksit/.rvm/gems/ruby-2.1.0@pajamadeals/specifications/rack-1.5.2.gemspec
I, [2014-07-02T13:36:44.800143 #5901]  INFO -- : 0:  rack-test (0.6.2) from /home/viksit/.rvm/gems/ruby-2.1.0@pajamadeals/specifications/rack-test-0.6.2.gemspec
I, [2014-07-02T13:36:44.801162 #5901]  INFO -- : 0:  actionpack (4.1.2) from /home/viksit/.rvm/gems/ruby-2.1.0@pajamadeals/specifications/actionpack-4.1.2.gemspec
I, [2014-07-02T13:36:44.802214 #5901]  INFO -- : 0:  mime-types (1.25.1) from /home/viksit/.rvm/gems/ruby-2.1.0@pajamadeals/specifications/mime-types-1.25.1.gemspec
I, [2014-07-02T13:36:44.802780 #5901]  INFO -- : 0:  polyglot (0.3.5) from /home/viksit/.rvm/gems/ruby-2.1.0@pajamadeals/specifications/polyglot-0.3.5.gemspec
I, [2014-07-02T13:36:44.803251 #5901]  INFO -- : 0:  treetop (1.4.15) from /home/viksit/.rvm/gems/ruby-2.1.0@pajamadeals/specifications/treetop-1.4.15.gemspec
I, [2014-07-02T13:36:44.803845 #5901]  INFO -- : 0:  mail (2.5.4) from /home/viksit/.rvm/gems/ruby-2.1.0@pajamadeals/specifications/mail-2.5.4.gemspec
I, [2014-07-02T13:36:44.804319 #5901]  INFO -- : 0:  actionmailer (4.1.2) from /home/viksit/.rvm/gems/ruby-2.1.0@pajamadeals/specifications/actionmailer-4.1.2.gemspec
I, [2014-07-02T13:36:44.804792 #5901]  INFO -- : 0:  arbre (1.0.1) from /home/viksit/.rvm/gems/ruby-2.1.0@pajamadeals/specifications/arbre-1.0.1.gemspec
I, [2014-07-02T13:36:44.805567 #5901]  INFO -- : 0:  sass (3.2.19) from /home/viksit/.rvm/gems/ruby-2.1.0@pajamadeals/specifications/sass-3.2.19.gemspec
I, [2014-07-02T13:36:44.806127 #5901]  INFO -- : 0:  thor (0.19.1) from /home/viksit/.rvm/gems/ruby-2.1.0@pajamadeals/specifications/thor-0.19.1.gemspec
I, [2014-07-02T13:36:44.806681 #5901]  INFO -- : 0:  bourbon (3.2.3) from /home/viksit/.rvm/gems/ruby-2.1.0@pajamadeals/specifications/bourbon-3.2.3.gemspec
I, [2014-07-02T13:36:44.807168 #5901]  INFO -- : 0:  coffee-script-source (1.7.0) from /home/viksit/.rvm/gems/ruby-2.1.0@pajamadeals/specifications/coffee-script-source-1.7.0.gemspec
I, [2014-07-02T13:36:44.807626 #5901]  INFO -- : 0:  execjs (2.2.0) from /home/viksit/.rvm/gems/ruby-2.1.0@pajamadeals/specifications/execjs-2.2.0.gemspec
I, [2014-07-02T13:36:44.808117 #5901]  INFO -- : 0:  coffee-script (2.2.0) from /home/viksit/.rvm/gems/ruby-2.1.0@pajamadeals/specifications/coffee-script-2.2.0.gemspec
I, [2014-07-02T13:36:44.808621 #5901]  INFO -- : 0:  railties (4.1.2) from /home/viksit/.rvm/gems/ruby-2.1.0@pajamadeals/specifications/railties-4.1.2.gemspec
I, [2014-07-02T13:36:44.809126 #5901]  INFO -- : 0:  coffee-rails (4.0.1) from /home/viksit/.rvm/gems/ruby-2.1.0@pajamadeals/specifications/coffee-rails-4.0.1.gemspec
I, [2014-07-02T13:36:44.809757 #5901]  INFO -- : 0:  formtastic (2.3.0.rc3) from /home/viksit/.rvm/gems/ruby-2.1.0@pajamadeals/specifications/formtastic-2.3.0.rc3.gemspec
I, [2014-07-02T13:36:44.810354 #5901]  INFO -- : 0:  has_scope (0.6.0.rc) from /home/viksit/.rvm/gems/ruby-2.1.0@pajamadeals/specifications/has_scope-0.6.0.rc.gemspec
I, [2014-07-02T13:36:44.810848 #5901]  INFO -- : 0:  responders (1.0.0) from /home/viksit/.rvm/gems/ruby-2.1.0@pajamadeals/specifications/responders-1.0.0.gemspec
I, [2014-07-02T13:36:44.811318 #5901]  INFO -- : 0:  inherited_resources (1.4.1) from /home/viksit/.rvm/gems/ruby-2.1.0@pajamadeals/specifications/inherited_resources-1.4.1.gemspec
I, [2014-07-02T13:36:44.811794 #5901]  INFO -- : 0:  jquery-rails (3.1.1) from /home/viksit/.rvm/gems/ruby-2.1.0@pajamadeals/specifications/jquery-rails-3.1.1.gemspec
I, [2014-07-02T13:36:44.812241 #5901]  INFO -- : 0:  jquery-ui-rails (4.2.1) from /home/viksit/.rvm/gems/ruby-2.1.0@pajamadeals/specifications/jquery-ui-rails-4.2.1.gemspec
I, [2014-07-02T13:36:44.812864 #5901]  INFO -- : 0:  kaminari (0.16.1) from /home/viksit/.rvm/gems/ruby-2.1.0@pajamadeals/specifications/kaminari-0.16.1.gemspec
I, [2014-07-02T13:36:44.813340 #5901]  INFO -- : 0:  activemodel (4.1.2) from /home/viksit/.rvm/gems/ruby-2.1.0@pajamadeals/specifications/activemodel-4.1.2.gemspec
I, [2014-07-02T13:36:44.813833 #5901]  INFO -- : 0:  arel (5.0.1.20140414130214) from /home/viksit/.rvm/gems/ruby-2.1.0@pajamadeals/specifications/arel-5.0.1.20140414130214.gemspec
I, [2014-07-02T13:36:44.814306 #5901]  INFO -- : 0:  activerecord (4.1.2) from /home/viksit/.rvm/gems/ruby-2.1.0@pajamadeals/specifications/activerecord-4.1.2.gemspec
I, [2014-07-02T13:36:44.814771 #5901]  INFO -- : 0:  bundler (1.5.0) from /home/viksit/.rvm/gems/ruby-2.1.0@global/specifications/bundler-1.5.0.gemspec
I, [2014-07-02T13:36:44.815325 #5901]  INFO -- : 0:  hike (1.2.3) from /home/viksit/.rvm/gems/ruby-2.1.0@pajamadeals/specifications/hike-1.2.3.gemspec
I, [2014-07-02T13:36:44.815884 #5901]  INFO -- : 0:  multi_json (1.10.1) from /home/viksit/.rvm/gems/ruby-2.1.0@pajamadeals/specifications/multi_json-1.10.1.gemspec
I, [2014-07-02T13:36:44.816389 #5901]  INFO -- : 0:  tilt (1.4.1) from /home/viksit/.rvm/gems/ruby-2.1.0@pajamadeals/specifications/tilt-1.4.1.gemspec
I, [2014-07-02T13:36:44.816885 #5901]  INFO -- : 0:  sprockets (2.11.0) from /home/viksit/.rvm/gems/ruby-2.1.0@pajamadeals/specifications/sprockets-2.11.0.gemspec
I, [2014-07-02T13:36:44.817391 #5901]  INFO -- : 0:  sprockets-rails (2.1.3) from /home/viksit/.rvm/gems/ruby-2.1.0@pajamadeals/specifications/sprockets-rails-2.1.3.gemspec
I, [2014-07-02T13:36:44.817891 #5901]  INFO -- : 0:  rails (4.1.2) from /home/viksit/.rvm/gems/ruby-2.1.0@pajamadeals/specifications/rails-4.1.2.gemspec
I, [2014-07-02T13:36:44.818462 #5901]  INFO -- : 0:  polyamorous (1.0.0) from /home/viksit/.rvm/gems/ruby-2.1.0@pajamadeals/specifications/polyamorous-1.0.0.gemspec
I, [2014-07-02T13:36:44.818925 #5901]  INFO -- : 0:  ransack (1.2.3) from /home/viksit/.rvm/gems/ruby-2.1.0@pajamadeals/specifications/ransack-1.2.3.gemspec
I, [2014-07-02T13:36:44.819388 #5901]  INFO -- : 0:  sass-rails (4.0.3) from /home/viksit/.rvm/gems/ruby-2.1.0@pajamadeals/specifications/sass-rails-4.0.3.gemspec
I, [2014-07-02T13:36:45.694834 #5901]  INFO -- : 0:  activeadmin (1.0.0.pre) from /home/viksit/.rvm/gems/ruby-2.1.0@pajamadeals/bundler/gems/active_admin-0e0b3694bace/activeadmin.gemspec
I, [2014-07-02T13:36:45.696134 #5901]  INFO -- : 0:  addressable (2.3.6) from /home/viksit/.rvm/gems/ruby-2.1.0@pajamadeals/specifications/addressable-2.3.6.gemspec
I, [2014-07-02T13:36:45.696986 #5901]  INFO -- : 0:  bcrypt (3.1.7) from /home/viksit/.rvm/gems/ruby-2.1.0@pajamadeals/specifications/bcrypt-3.1.7.gemspec
I, [2014-07-02T13:36:45.697784 #5901]  INFO -- : 0:  bson (1.10.2) from /home/viksit/.rvm/gems/ruby-2.1.0@pajamadeals/specifications/bson-1.10.2.gemspec
I, [2014-07-02T13:36:45.698903 #5901]  INFO -- : 0:  bson_ext (1.10.2) from /home/viksit/.rvm/gems/ruby-2.1.0@pajamadeals/specifications/bson_ext-1.10.2.gemspec
I, [2014-07-02T13:36:45.699745 #5901]  INFO -- : 0:  carrierwave (0.10.0) from /home/viksit/.rvm/gems/ruby-2.1.0@pajamadeals/specifications/carrierwave-0.10.0.gemspec
I, [2014-07-02T13:36:45.703938 #5901]  INFO -- : 0:  commonjs (0.2.7) from /home/viksit/.rvm/gems/ruby-2.1.0@pajamadeals/specifications/commonjs-0.2.7.gemspec
I, [2014-07-02T13:36:45.705022 #5901]  INFO -- : 0:  orm_adapter (0.5.0) from /home/viksit/.rvm/gems/ruby-2.1.0@pajamadeals/specifications/orm_adapter-0.5.0.gemspec
I, [2014-07-02T13:36:45.705893 #5901]  INFO -- : 0:  warden (1.2.3) from /home/viksit/.rvm/gems/ruby-2.1.0@pajamadeals/specifications/warden-1.2.3.gemspec
I, [2014-07-02T13:36:45.706867 #5901]  INFO -- : 0:  devise (3.2.4) from /home/viksit/.rvm/gems/ruby-2.1.0@pajamadeals/specifications/devise-3.2.4.gemspec
I, [2014-07-02T13:36:45.707703 #5901]  INFO -- : 0:  factory_girl (4.4.0) from /home/viksit/.rvm/gems/ruby-2.1.0@pajamadeals/specifications/factory_girl-4.4.0.gemspec
I, [2014-07-02T13:36:45.708543 #5901]  INFO -- : 0:  factory_girl_rails (4.4.1) from /home/viksit/.rvm/gems/ruby-2.1.0@pajamadeals/specifications/factory_girl_rails-4.4.1.gemspec
I, [2014-07-02T13:36:45.709438 #5901]  INFO -- : 0:  faker (1.3.0) from /home/viksit/.rvm/gems/ruby-2.1.0@pajamadeals/specifications/faker-1.3.0.gemspec
I, [2014-07-02T13:36:45.710560 #5901]  INFO -- : 0:  multipart-post (2.0.0) from /home/viksit/.rvm/gems/ruby-2.1.0@pajamadeals/specifications/multipart-post-2.0.0.gemspec
I, [2014-07-02T13:36:45.711401 #5901]  INFO -- : 0:  faraday (0.9.0) from /home/viksit/.rvm/gems/ruby-2.1.0@pajamadeals/specifications/faraday-0.9.0.gemspec
I, [2014-07-02T13:36:46.240564 #5901]  INFO -- : 0:  font-awesome-rails (4.1.0.0) from /home/viksit/.rvm/gems/ruby-2.1.0@pajamadeals/bundler/gems/font-awesome-rails-9af81d72c7ba/font-awesome-rails.gemspec
I, [2014-07-02T13:36:46.241722 #5901]  INFO -- : 0:  hashie (2.1.2) from /home/viksit/.rvm/gems/ruby-2.1.0@pajamadeals/specifications/hashie-2.1.2.gemspec
I, [2014-07-02T13:36:46.242864 #5901]  INFO -- : 0:  highline (1.6.21) from /home/viksit/.rvm/gems/ruby-2.1.0@pajamadeals/specifications/highline-1.6.21.gemspec
I, [2014-07-02T13:36:46.243750 #5901]  INFO -- : 0:  jbuilder (2.1.1) from /home/viksit/.rvm/gems/ruby-2.1.0@pajamadeals/specifications/jbuilder-2.1.1.gemspec
I, [2014-07-02T13:36:46.244574 #5901]  INFO -- : 0:  jwt (1.0.0) from /home/viksit/.rvm/gems/ruby-2.1.0@pajamadeals/specifications/jwt-1.0.0.gemspec
I, [2014-07-02T13:36:46.245796 #5901]  INFO -- : 0:  koala (1.9.0) from /home/viksit/.rvm/gems/ruby-2.1.0@pajamadeals/specifications/koala-1.9.0.gemspec
I, [2014-07-02T13:36:46.246652 #5901]  INFO -- : 0:  less (2.5.1) from /home/viksit/.rvm/gems/ruby-2.1.0@pajamadeals/specifications/less-2.5.1.gemspec
I, [2014-07-02T13:36:46.247440 #5901]  INFO -- : 0:  less-rails (2.5.0) from /home/viksit/.rvm/gems/ruby-2.1.0@pajamadeals/specifications/less-rails-2.5.0.gemspec
I, [2014-07-02T13:36:46.248422 #5901]  INFO -- : 0:  libv8 (3.16.14.3) from /home/viksit/.rvm/gems/ruby-2.1.0@pajamadeals/specifications/libv8-3.16.14.3-x86_64-linux.gemspec
I, [2014-07-02T13:36:46.249239 #5901]  INFO -- : 0:  metaclass (0.0.4) from /home/viksit/.rvm/gems/ruby-2.1.0@pajamadeals/specifications/metaclass-0.0.4.gemspec
I, [2014-07-02T13:36:46.250116 #5901]  INFO -- : 0:  subexec (0.2.3) from /home/viksit/.rvm/gems/ruby-2.1.0@pajamadeals/specifications/subexec-0.2.3.gemspec
I, [2014-07-02T13:36:46.250942 #5901]  INFO -- : 0:  mini_magick (3.7.0) from /home/viksit/.rvm/gems/ruby-2.1.0@pajamadeals/specifications/mini_magick-3.7.0.gemspec
I, [2014-07-02T13:36:46.251945 #5901]  INFO -- : 0:  mini_portile (0.6.0) from /home/viksit/.rvm/gems/ruby-2.1.0@pajamadeals/specifications/mini_portile-0.6.0.gemspec
I, [2014-07-02T13:36:46.252743 #5901]  INFO -- : 0:  mocha (1.1.0) from /home/viksit/.rvm/gems/ruby-2.1.0@pajamadeals/specifications/mocha-1.1.0.gemspec
I, [2014-07-02T13:36:46.253538 #5901]  INFO -- : 0:  mongo (1.10.2) from /home/viksit/.rvm/gems/ruby-2.1.0@pajamadeals/specifications/mongo-1.10.2.gemspec
I, [2014-07-02T13:36:46.254655 #5901]  INFO -- : 0:  mustache (0.99.5) from /home/viksit/.rvm/gems/ruby-2.1.0@pajamadeals/specifications/mustache-0.99.5.gemspec
I, [2014-07-02T13:36:46.255491 #5901]  INFO -- : 0:  rack-protection (1.5.3) from /home/viksit/.rvm/gems/ruby-2.1.0@pajamadeals/specifications/rack-protection-1.5.3.gemspec
I, [2014-07-02T13:36:46.256300 #5901]  INFO -- : 0:  sinatra (1.4.5) from /home/viksit/.rvm/gems/ruby-2.1.0@pajamadeals/specifications/sinatra-1.4.5.gemspec
I, [2014-07-02T13:36:46.257727 #5901]  INFO -- : 0:  vegas (0.1.11) from /home/viksit/.rvm/gems/ruby-2.1.0@pajamadeals/specifications/vegas-0.1.11.gemspec
I, [2014-07-02T13:36:46.258637 #5901]  INFO -- : 0:  mongodb_logger (0.6.4) from /home/viksit/.rvm/gems/ruby-2.1.0@pajamadeals/specifications/mongodb_logger-0.6.4.gemspec
I, [2014-07-02T13:36:46.259437 #5901]  INFO -- : 0:  multi_xml (0.5.5) from /home/viksit/.rvm/gems/ruby-2.1.0@pajamadeals/specifications/multi_xml-0.5.5.gemspec
I, [2014-07-02T13:36:46.260324 #5901]  INFO -- : 0:  nokogiri (1.6.2.1) from /home/viksit/.rvm/gems/ruby-2.1.0@pajamadeals/specifications/nokogiri-1.6.2.1.gemspec
I, [2014-07-02T13:36:46.261076 #5901]  INFO -- : 0:  oauth2 (0.9.4) from /home/viksit/.rvm/gems/ruby-2.1.0@pajamadeals/specifications/oauth2-0.9.4.gemspec
I, [2014-07-02T13:36:46.261868 #5901]  INFO -- : 0:  omniauth (1.2.1) from /home/viksit/.rvm/gems/ruby-2.1.0@pajamadeals/specifications/omniauth-1.2.1.gemspec
I, [2014-07-02T13:36:46.262632 #5901]  INFO -- : 0:  omniauth-oauth2 (1.1.2) from /home/viksit/.rvm/gems/ruby-2.1.0@pajamadeals/specifications/omniauth-oauth2-1.1.2.gemspec
I, [2014-07-02T13:36:46.263505 #5901]  INFO -- : 0:  omniauth-facebook (1.6.0) from /home/viksit/.rvm/gems/ruby-2.1.0@pajamadeals/specifications/omniauth-facebook-1.6.0.gemspec
I, [2014-07-02T13:36:49.045919 #5901]  INFO -- : 0:  options (2.3.2) from /home/viksit/.rvm/gems/ruby-2.1.0@pajamadeals/specifications/options-2.3.2.gemspec
I, [2014-07-02T13:36:49.046586 #5901]  INFO -- : 0:  pr_geohash (1.0.0) from /home/viksit/.rvm/gems/ruby-2.1.0@pajamadeals/specifications/pr_geohash-1.0.0.gemspec
I, [2014-07-02T13:37:01.552820 #5901]  INFO -- : 0:  progress_bar (1.0.2) from /home/viksit/.rvm/gems/ruby-2.1.0@pajamadeals/specifications/progress_bar-1.0.2.gemspec
I, [2014-07-02T13:37:01.553627 #5901]  INFO -- : 0:  rdoc (4.1.1) from /home/viksit/.rvm/gems/ruby-2.1.0@pajamadeals/specifications/rdoc-4.1.1.gemspec
I, [2014-07-02T13:37:01.554189 #5901]  INFO -- : 0:  ref (1.0.5) from /home/viksit/.rvm/gems/ruby-2.1.0@pajamadeals/specifications/ref-1.0.5.gemspec
I, [2014-07-02T13:37:01.554693 #5901]  INFO -- : 0:  rsolr (1.0.10) from /home/viksit/.rvm/gems/ruby-2.1.0@pajamadeals/specifications/rsolr-1.0.10.gemspec
I, [2014-07-02T13:37:01.555185 #5901]  INFO -- : 0:  sdoc (0.4.0) from /home/viksit/.rvm/gems/ruby-2.1.0@pajamadeals/specifications/sdoc-0.4.0.gemspec
I, [2014-07-02T13:37:01.555682 #5901]  INFO -- : 0:  simple_form (3.0.2) from /home/viksit/.rvm/gems/ruby-2.1.0@pajamadeals/specifications/simple_form-3.0.2.gemspec
I, [2014-07-02T13:37:01.556178 #5901]  INFO -- : 0:  spring (1.1.3) from /home/viksit/.rvm/gems/ruby-2.1.0@pajamadeals/specifications/spring-1.1.3.gemspec
I, [2014-07-02T13:37:01.556749 #5901]  INFO -- : 0:  sqlite3 (1.3.9) from /home/viksit/.rvm/gems/ruby-2.1.0@pajamadeals/specifications/sqlite3-1.3.9.gemspec
I, [2014-07-02T13:37:01.557247 #5901]  INFO -- : 0:  sunspot (2.1.0) from /home/viksit/.rvm/gems/ruby-2.1.0@pajamadeals/specifications/sunspot-2.1.0.gemspec
I, [2014-07-02T13:37:01.557756 #5901]  INFO -- : 0:  sunspot_rails (2.1.0) from /home/viksit/.rvm/gems/ruby-2.1.0@pajamadeals/specifications/sunspot_rails-2.1.0.gemspec
I, [2014-07-02T13:37:04.382455 #5901]  INFO -- : 0:  sunspot_solr (2.1.1) from /home/viksit/.rvm/gems/ruby-2.1.0@pajamadeals/bundler/gems/sunspot-ec64df6a526d/sunspot_solr/sunspot_solr.gemspec
I, [2014-07-02T13:37:04.383165 #5901]  INFO -- : 0:  therubyracer (0.12.1) from /home/viksit/.rvm/gems/ruby-2.1.0@pajamadeals/specifications/therubyracer-0.12.1.gemspec
I, [2014-07-02T13:37:04.383640 #5901]  INFO -- : 0:  turbolinks (2.2.2) from /home/viksit/.rvm/gems/ruby-2.1.0@pajamadeals/specifications/turbolinks-2.2.2.gemspec
I, [2014-07-02T13:37:07.088316 #5901]  INFO -- : 0:  uglifier (2.5.1) from /home/viksit/.rvm/gems/ruby-2.1.0@pajamadeals/specifications/uglifier-2.5.1.gemspec
